
**** Build of configuration Nios II for project DE4_DDR2_test_bsp ****

make all 
[BSP build complete]

**** Build Finished ****

**** Build of configuration Nios II for project DE4_DDR2_test ****

make all 
Info: Building ../DE4_DDR2_test_bsp/
make --no-print-directory -C ../DE4_DDR2_test_bsp/
[BSP build complete]
Info: Compiling main.c to obj/default/main.o
nios2-elf-gcc -xc -MP -MMD -c -I../DE4_DDR2_test_bsp//HAL/inc -I../DE4_DDR2_test_bsp/ -I../DE4_DDR2_test_bsp//drivers/inc  -DSYSTEM_BUS_WIDTH=32 -pipe -D__hal__ -DALT_NO_INSTRUCTION_EMULATION -DALT_SINGLE_THREADED    -O0 -g -Wall   -EL -mno-hw-div -mhw-mul -mhw-mulx  -o obj/default/main.o main.c
main.c: In function 'main':
main.c:140: warning: operation on 'pAddr' may be undefined
main.c:141: warning: operation on 'pAddr' may be undefined
main.c:142: warning: operation on 'pAddr' may be undefined
main.c:143: warning: operation on 'pAddr' may be undefined
main.c:144: warning: operation on 'pAddr' may be undefined
main.c:145: warning: operation on 'pAddr' may be undefined
Info: Linking DE4_DDR2_test.elf
nios2-elf-g++  -T'../DE4_DDR2_test_bsp//linker.x' -msys-crt0='../DE4_DDR2_test_bsp//obj/HAL/src/crt0.o' -msys-lib=hal_bsp -L../DE4_DDR2_test_bsp/   -Wl,-Map=DE4_DDR2_test.map   -O0 -g -Wall   -EL -mno-hw-div -mhw-mul -mhw-mulx  -o DE4_DDR2_test.elf obj/default/I2C.o obj/default/dma_ctr.o obj/default/main.o obj/default/mem_init.o obj/default/mem_test.o -lm 
nios2-elf-insert DE4_DDR2_test.elf --thread_model hal --cpu_name nios2_qsys --qsys true --simulation_enabled false --id 0 --sidp 0x40000060 --timestamp 1436119381 --stderr_dev jtag_uart --stdin_dev jtag_uart --stdout_dev jtag_uart --sopc_system_name DE4_QSYS --quartus_project_dir "D:/Projects/fpl16/DE4_DDR2_UniPHY" --jdi D:/Projects/fpl16/DE4_DDR2_UniPHY/software/DE4_DDR2_test_bsp/../../DE4_DDR2.jdi
Info: (DE4_DDR2_test.elf) 70 KBytes program size (code + initialized data).
Info:                     47 KBytes free for stack + heap.
Info: Creating DE4_DDR2_test.objdump
nios2-elf-objdump --disassemble --syms --all-header --source DE4_DDR2_test.elf >DE4_DDR2_test.objdump
[DE4_DDR2_test build complete]

**** Build Finished ****

**** Build of configuration Nios II for project DE4_DDR2_test ****

make all 
Info: Building ../DE4_DDR2_test_bsp/
make --no-print-directory -C ../DE4_DDR2_test_bsp/
[BSP build complete]
[DE4_DDR2_test build complete]

**** Build Finished ****

**** Build of configuration Nios II for project DE4_DDR2_test_bsp ****

make all 
[BSP build complete]

**** Build Finished ****

**** Build of configuration Nios II for project DE4_DDR2_test ****

make all 
Info: Building ../DE4_DDR2_test_bsp/
make --no-print-directory -C ../DE4_DDR2_test_bsp/
[BSP build complete]
[DE4_DDR2_test build complete]

**** Build Finished ****
